<?xml version="1.0" encoding="UTF-8"?>
<testsuite xmlns:xsi="http://www.w3.org/2001/XMLSchema-instance" xsi:noNamespaceSchemaLocation="https://maven.apache.org/surefire/maven-surefire-plugin/xsd/surefire-test-report.xsd" name="currencyconverterapplication.CurrencyExchangeServiceTest" time="4.267" tests="1" errors="1" skipped="0" failures="0">
  <properties>
    <property name="gopherProxySet" value="false"/>
    <property name="awt.toolkit" value="sun.lwawt.macosx.LWCToolkit"/>
    <property name="file.encoding.pkg" value="sun.io"/>
    <property name="java.specification.version" value="1.8"/>
    <property name="sun.cpu.isalist" value=""/>
    <property name="sun.jnu.encoding" value="UTF-8"/>
    <property name="java.class.path" value="/Users/ramssweety/Documents/java_ws/currencyconverterapplication/target/test-classes:/Users/ramssweety/Documents/java_ws/currencyconverterapplication/target/classes:/Users/ramssweety/.m2/repository/org/springframework/boot/spring-boot-starter-jersey/2.2.1.RELEASE/spring-boot-starter-jersey-2.2.1.RELEASE.jar:/Users/ramssweety/.m2/repository/org/springframework/boot/spring-boot-starter-json/2.2.1.RELEASE/spring-boot-starter-json-2.2.1.RELEASE.jar:/Users/ramssweety/.m2/repository/com/fasterxml/jackson/core/jackson-databind/2.10.0/jackson-databind-2.10.0.jar:/Users/ramssweety/.m2/repository/com/fasterxml/jackson/core/jackson-core/2.10.0/jackson-core-2.10.0.jar:/Users/ramssweety/.m2/repository/com/fasterxml/jackson/datatype/jackson-datatype-jdk8/2.10.0/jackson-datatype-jdk8-2.10.0.jar:/Users/ramssweety/.m2/repository/com/fasterxml/jackson/datatype/jackson-datatype-jsr310/2.10.0/jackson-datatype-jsr310-2.10.0.jar:/Users/ramssweety/.m2/repository/com/fasterxml/jackson/module/jackson-module-parameter-names/2.10.0/jackson-module-parameter-names-2.10.0.jar:/Users/ramssweety/.m2/repository/org/springframework/boot/spring-boot-starter-tomcat/2.2.1.RELEASE/spring-boot-starter-tomcat-2.2.1.RELEASE.jar:/Users/ramssweety/.m2/repository/org/apache/tomcat/embed/tomcat-embed-core/9.0.27/tomcat-embed-core-9.0.27.jar:/Users/ramssweety/.m2/repository/org/apache/tomcat/embed/tomcat-embed-el/9.0.27/tomcat-embed-el-9.0.27.jar:/Users/ramssweety/.m2/repository/org/apache/tomcat/embed/tomcat-embed-websocket/9.0.27/tomcat-embed-websocket-9.0.27.jar:/Users/ramssweety/.m2/repository/org/springframework/boot/spring-boot-starter-validation/2.2.1.RELEASE/spring-boot-starter-validation-2.2.1.RELEASE.jar:/Users/ramssweety/.m2/repository/jakarta/validation/jakarta.validation-api/2.0.1/jakarta.validation-api-2.0.1.jar:/Users/ramssweety/.m2/repository/org/hibernate/validator/hibernate-validator/6.0.18.Final/hibernate-validator-6.0.18.Final.jar:/Users/ramssweety/.m2/repository/jakarta/annotation/jakarta.annotation-api/1.3.5/jakarta.annotation-api-1.3.5.jar:/Users/ramssweety/.m2/repository/jakarta/ws/rs/jakarta.ws.rs-api/2.1.6/jakarta.ws.rs-api-2.1.6.jar:/Users/ramssweety/.m2/repository/org/springframework/spring-web/5.2.1.RELEASE/spring-web-5.2.1.RELEASE.jar:/Users/ramssweety/.m2/repository/org/springframework/spring-beans/5.2.1.RELEASE/spring-beans-5.2.1.RELEASE.jar:/Users/ramssweety/.m2/repository/org/glassfish/jersey/core/jersey-server/2.29.1/jersey-server-2.29.1.jar:/Users/ramssweety/.m2/repository/org/glassfish/jersey/core/jersey-common/2.29.1/jersey-common-2.29.1.jar:/Users/ramssweety/.m2/repository/org/glassfish/hk2/osgi-resource-locator/1.0.3/osgi-resource-locator-1.0.3.jar:/Users/ramssweety/.m2/repository/org/glassfish/jersey/core/jersey-client/2.29.1/jersey-client-2.29.1.jar:/Users/ramssweety/.m2/repository/org/glassfish/jersey/media/jersey-media-jaxb/2.29.1/jersey-media-jaxb-2.29.1.jar:/Users/ramssweety/.m2/repository/org/glassfish/hk2/external/jakarta.inject/2.6.1/jakarta.inject-2.6.1.jar:/Users/ramssweety/.m2/repository/org/glassfish/jersey/containers/jersey-container-servlet-core/2.29.1/jersey-container-servlet-core-2.29.1.jar:/Users/ramssweety/.m2/repository/org/glassfish/jersey/containers/jersey-container-servlet/2.29.1/jersey-container-servlet-2.29.1.jar:/Users/ramssweety/.m2/repository/org/glassfish/jersey/ext/jersey-bean-validation/2.29.1/jersey-bean-validation-2.29.1.jar:/Users/ramssweety/.m2/repository/org/glassfish/jersey/ext/jersey-spring5/2.29.1/jersey-spring5-2.29.1.jar:/Users/ramssweety/.m2/repository/org/glassfish/jersey/inject/jersey-hk2/2.29.1/jersey-hk2-2.29.1.jar:/Users/ramssweety/.m2/repository/org/glassfish/hk2/hk2-locator/2.6.1/hk2-locator-2.6.1.jar:/Users/ramssweety/.m2/repository/org/glassfish/hk2/external/aopalliance-repackaged/2.6.1/aopalliance-repackaged-2.6.1.jar:/Users/ramssweety/.m2/repository/org/glassfish/hk2/hk2/2.6.1/hk2-2.6.1.jar:/Users/ramssweety/.m2/repository/org/glassfish/hk2/hk2-utils/2.6.1/hk2-utils-2.6.1.jar:/Users/ramssweety/.m2/repository/org/glassfish/hk2/hk2-api/2.6.1/hk2-api-2.6.1.jar:/Users/ramssweety/.m2/repository/org/glassfish/hk2/hk2-core/2.6.1/hk2-core-2.6.1.jar:/Users/ramssweety/.m2/repository/org/glassfish/hk2/hk2-runlevel/2.6.1/hk2-runlevel-2.6.1.jar:/Users/ramssweety/.m2/repository/org/glassfish/hk2/class-model/2.6.1/class-model-2.6.1.jar:/Users/ramssweety/.m2/repository/org/ow2/asm/asm/7.1/asm-7.1.jar:/Users/ramssweety/.m2/repository/org/ow2/asm/asm-analysis/7.1/asm-analysis-7.1.jar:/Users/ramssweety/.m2/repository/org/ow2/asm/asm-commons/7.1/asm-commons-7.1.jar:/Users/ramssweety/.m2/repository/org/ow2/asm/asm-tree/7.1/asm-tree-7.1.jar:/Users/ramssweety/.m2/repository/org/ow2/asm/asm-util/7.1/asm-util-7.1.jar:/Users/ramssweety/.m2/repository/org/glassfish/hk2/spring-bridge/2.6.1/spring-bridge-2.6.1.jar:/Users/ramssweety/.m2/repository/org/springframework/spring-aop/5.2.1.RELEASE/spring-aop-5.2.1.RELEASE.jar:/Users/ramssweety/.m2/repository/org/glassfish/jersey/media/jersey-media-json-jackson/2.29.1/jersey-media-json-jackson-2.29.1.jar:/Users/ramssweety/.m2/repository/org/glassfish/jersey/ext/jersey-entity-filtering/2.29.1/jersey-entity-filtering-2.29.1.jar:/Users/ramssweety/.m2/repository/com/fasterxml/jackson/core/jackson-annotations/2.10.0/jackson-annotations-2.10.0.jar:/Users/ramssweety/.m2/repository/com/fasterxml/jackson/module/jackson-module-jaxb-annotations/2.10.0/jackson-module-jaxb-annotations-2.10.0.jar:/Users/ramssweety/.m2/repository/jakarta/xml/bind/jakarta.xml.bind-api/2.3.2/jakarta.xml.bind-api-2.3.2.jar:/Users/ramssweety/.m2/repository/org/springframework/boot/spring-boot-devtools/2.2.1.RELEASE/spring-boot-devtools-2.2.1.RELEASE.jar:/Users/ramssweety/.m2/repository/org/springframework/boot/spring-boot/2.2.1.RELEASE/spring-boot-2.2.1.RELEASE.jar:/Users/ramssweety/.m2/repository/org/springframework/spring-context/5.2.1.RELEASE/spring-context-5.2.1.RELEASE.jar:/Users/ramssweety/.m2/repository/org/springframework/spring-expression/5.2.1.RELEASE/spring-expression-5.2.1.RELEASE.jar:/Users/ramssweety/.m2/repository/org/springframework/boot/spring-boot-autoconfigure/2.2.1.RELEASE/spring-boot-autoconfigure-2.2.1.RELEASE.jar:/Users/ramssweety/.m2/repository/org/springframework/boot/spring-boot-starter-test/2.2.1.RELEASE/spring-boot-starter-test-2.2.1.RELEASE.jar:/Users/ramssweety/.m2/repository/org/springframework/boot/spring-boot-starter/2.2.1.RELEASE/spring-boot-starter-2.2.1.RELEASE.jar:/Users/ramssweety/.m2/repository/org/springframework/boot/spring-boot-starter-logging/2.2.1.RELEASE/spring-boot-starter-logging-2.2.1.RELEASE.jar:/Users/ramssweety/.m2/repository/ch/qos/logback/logback-classic/1.2.3/logback-classic-1.2.3.jar:/Users/ramssweety/.m2/repository/ch/qos/logback/logback-core/1.2.3/logback-core-1.2.3.jar:/Users/ramssweety/.m2/repository/org/apache/logging/log4j/log4j-to-slf4j/2.12.1/log4j-to-slf4j-2.12.1.jar:/Users/ramssweety/.m2/repository/org/apache/logging/log4j/log4j-api/2.12.1/log4j-api-2.12.1.jar:/Users/ramssweety/.m2/repository/org/slf4j/jul-to-slf4j/1.7.29/jul-to-slf4j-1.7.29.jar:/Users/ramssweety/.m2/repository/org/yaml/snakeyaml/1.25/snakeyaml-1.25.jar:/Users/ramssweety/.m2/repository/org/springframework/boot/spring-boot-test/2.2.1.RELEASE/spring-boot-test-2.2.1.RELEASE.jar:/Users/ramssweety/.m2/repository/org/springframework/boot/spring-boot-test-autoconfigure/2.2.1.RELEASE/spring-boot-test-autoconfigure-2.2.1.RELEASE.jar:/Users/ramssweety/.m2/repository/com/jayway/jsonpath/json-path/2.4.0/json-path-2.4.0.jar:/Users/ramssweety/.m2/repository/net/minidev/json-smart/2.3/json-smart-2.3.jar:/Users/ramssweety/.m2/repository/net/minidev/accessors-smart/1.2/accessors-smart-1.2.jar:/Users/ramssweety/.m2/repository/org/slf4j/slf4j-api/1.7.29/slf4j-api-1.7.29.jar:/Users/ramssweety/.m2/repository/org/junit/jupiter/junit-jupiter/5.5.2/junit-jupiter-5.5.2.jar:/Users/ramssweety/.m2/repository/org/junit/jupiter/junit-jupiter-params/5.5.2/junit-jupiter-params-5.5.2.jar:/Users/ramssweety/.m2/repository/org/mockito/mockito-junit-jupiter/3.1.0/mockito-junit-jupiter-3.1.0.jar:/Users/ramssweety/.m2/repository/org/assertj/assertj-core/3.13.2/assertj-core-3.13.2.jar:/Users/ramssweety/.m2/repository/org/hamcrest/hamcrest/2.1/hamcrest-2.1.jar:/Users/ramssweety/.m2/repository/org/mockito/mockito-core/3.1.0/mockito-core-3.1.0.jar:/Users/ramssweety/.m2/repository/net/bytebuddy/byte-buddy/1.10.2/byte-buddy-1.10.2.jar:/Users/ramssweety/.m2/repository/net/bytebuddy/byte-buddy-agent/1.10.2/byte-buddy-agent-1.10.2.jar:/Users/ramssweety/.m2/repository/org/objenesis/objenesis/2.6/objenesis-2.6.jar:/Users/ramssweety/.m2/repository/org/skyscreamer/jsonassert/1.5.0/jsonassert-1.5.0.jar:/Users/ramssweety/.m2/repository/com/vaadin/external/google/android-json/0.0.20131108.vaadin1/android-json-0.0.20131108.vaadin1.jar:/Users/ramssweety/.m2/repository/org/springframework/spring-core/5.2.1.RELEASE/spring-core-5.2.1.RELEASE.jar:/Users/ramssweety/.m2/repository/org/springframework/spring-jcl/5.2.1.RELEASE/spring-jcl-5.2.1.RELEASE.jar:/Users/ramssweety/.m2/repository/org/springframework/spring-test/5.2.1.RELEASE/spring-test-5.2.1.RELEASE.jar:/Users/ramssweety/.m2/repository/org/xmlunit/xmlunit-core/2.6.3/xmlunit-core-2.6.3.jar:/Users/ramssweety/.m2/repository/org/junit/jupiter/junit-jupiter-engine/5.3.2/junit-jupiter-engine-5.3.2.jar:/Users/ramssweety/.m2/repository/org/apiguardian/apiguardian-api/1.0.0/apiguardian-api-1.0.0.jar:/Users/ramssweety/.m2/repository/org/junit/platform/junit-platform-engine/1.5.2/junit-platform-engine-1.5.2.jar:/Users/ramssweety/.m2/repository/org/opentest4j/opentest4j/1.2.0/opentest4j-1.2.0.jar:/Users/ramssweety/.m2/repository/org/junit/platform/junit-platform-commons/1.5.2/junit-platform-commons-1.5.2.jar:/Users/ramssweety/.m2/repository/org/junit/jupiter/junit-jupiter-api/5.5.2/junit-jupiter-api-5.5.2.jar:/Users/ramssweety/.m2/repository/org/springframework/boot/spring-boot-starter-data-jpa/2.2.1.RELEASE/spring-boot-starter-data-jpa-2.2.1.RELEASE.jar:/Users/ramssweety/.m2/repository/org/springframework/boot/spring-boot-starter-aop/2.2.1.RELEASE/spring-boot-starter-aop-2.2.1.RELEASE.jar:/Users/ramssweety/.m2/repository/org/aspectj/aspectjweaver/1.9.4/aspectjweaver-1.9.4.jar:/Users/ramssweety/.m2/repository/jakarta/activation/jakarta.activation-api/1.2.1/jakarta.activation-api-1.2.1.jar:/Users/ramssweety/.m2/repository/jakarta/persistence/jakarta.persistence-api/2.2.3/jakarta.persistence-api-2.2.3.jar:/Users/ramssweety/.m2/repository/jakarta/transaction/jakarta.transaction-api/1.3.3/jakarta.transaction-api-1.3.3.jar:/Users/ramssweety/.m2/repository/org/hibernate/hibernate-core/5.4.8.Final/hibernate-core-5.4.8.Final.jar:/Users/ramssweety/.m2/repository/org/jboss/logging/jboss-logging/3.4.1.Final/jboss-logging-3.4.1.Final.jar:/Users/ramssweety/.m2/repository/org/javassist/javassist/3.24.0-GA/javassist-3.24.0-GA.jar:/Users/ramssweety/.m2/repository/antlr/antlr/2.7.7/antlr-2.7.7.jar:/Users/ramssweety/.m2/repository/org/jboss/jandex/2.0.5.Final/jandex-2.0.5.Final.jar:/Users/ramssweety/.m2/repository/com/fasterxml/classmate/1.5.1/classmate-1.5.1.jar:/Users/ramssweety/.m2/repository/org/dom4j/dom4j/2.1.1/dom4j-2.1.1.jar:/Users/ramssweety/.m2/repository/org/hibernate/common/hibernate-commons-annotations/5.1.0.Final/hibernate-commons-annotations-5.1.0.Final.jar:/Users/ramssweety/.m2/repository/org/glassfish/jaxb/jaxb-runtime/2.3.2/jaxb-runtime-2.3.2.jar:/Users/ramssweety/.m2/repository/org/glassfish/jaxb/txw2/2.3.2/txw2-2.3.2.jar:/Users/ramssweety/.m2/repository/com/sun/istack/istack-commons-runtime/3.0.8/istack-commons-runtime-3.0.8.jar:/Users/ramssweety/.m2/repository/org/jvnet/staxex/stax-ex/1.8.1/stax-ex-1.8.1.jar:/Users/ramssweety/.m2/repository/com/sun/xml/fastinfoset/FastInfoset/1.2.16/FastInfoset-1.2.16.jar:/Users/ramssweety/.m2/repository/org/springframework/data/spring-data-jpa/2.2.1.RELEASE/spring-data-jpa-2.2.1.RELEASE.jar:/Users/ramssweety/.m2/repository/org/springframework/data/spring-data-commons/2.2.1.RELEASE/spring-data-commons-2.2.1.RELEASE.jar:/Users/ramssweety/.m2/repository/org/springframework/spring-orm/5.2.1.RELEASE/spring-orm-5.2.1.RELEASE.jar:/Users/ramssweety/.m2/repository/org/springframework/spring-tx/5.2.1.RELEASE/spring-tx-5.2.1.RELEASE.jar:/Users/ramssweety/.m2/repository/org/springframework/spring-aspects/5.2.1.RELEASE/spring-aspects-5.2.1.RELEASE.jar:/Users/ramssweety/.m2/repository/com/h2database/h2/1.4.200/h2-1.4.200.jar:/Users/ramssweety/.m2/repository/org/springframework/boot/spring-boot-starter-jdbc/2.2.1.RELEASE/spring-boot-starter-jdbc-2.2.1.RELEASE.jar:/Users/ramssweety/.m2/repository/com/zaxxer/HikariCP/3.4.1/HikariCP-3.4.1.jar:/Users/ramssweety/.m2/repository/org/springframework/spring-jdbc/5.2.1.RELEASE/spring-jdbc-5.2.1.RELEASE.jar:"/>
    <property name="java.vm.vendor" value="Oracle Corporation"/>
    <property name="sun.arch.data.model" value="64"/>
    <property name="java.vendor.url" value="http://java.oracle.com/"/>
    <property name="user.timezone" value=""/>
    <property name="java.vm.specification.version" value="1.8"/>
    <property name="os.name" value="Mac OS X"/>
    <property name="user.country" value="IN"/>
    <property name="sun.java.launcher" value="SUN_STANDARD"/>
    <property name="sun.boot.library.path" value="/Library/Java/JavaVirtualMachines/jdk1.8.0_201.jdk/Contents/Home/jre/lib"/>
    <property name="sun.java.command" value="/Users/ramssweety/Documents/java_ws/currencyconverterapplication/target/surefire/surefirebooter5624745904878172082.jar /Users/ramssweety/Documents/java_ws/currencyconverterapplication/target/surefire 2020-01-16T03-10-34_772-jvmRun1 surefire1966128223208548452tmp surefire_04661815796650541344tmp"/>
    <property name="http.nonProxyHosts" value="local|*.local|169.254/16|*.169.254/16"/>
    <property name="surefire.test.class.path" value="/Users/ramssweety/Documents/java_ws/currencyconverterapplication/target/test-classes:/Users/ramssweety/Documents/java_ws/currencyconverterapplication/target/classes:/Users/ramssweety/.m2/repository/org/springframework/boot/spring-boot-starter-jersey/2.2.1.RELEASE/spring-boot-starter-jersey-2.2.1.RELEASE.jar:/Users/ramssweety/.m2/repository/org/springframework/boot/spring-boot-starter-json/2.2.1.RELEASE/spring-boot-starter-json-2.2.1.RELEASE.jar:/Users/ramssweety/.m2/repository/com/fasterxml/jackson/core/jackson-databind/2.10.0/jackson-databind-2.10.0.jar:/Users/ramssweety/.m2/repository/com/fasterxml/jackson/core/jackson-core/2.10.0/jackson-core-2.10.0.jar:/Users/ramssweety/.m2/repository/com/fasterxml/jackson/datatype/jackson-datatype-jdk8/2.10.0/jackson-datatype-jdk8-2.10.0.jar:/Users/ramssweety/.m2/repository/com/fasterxml/jackson/datatype/jackson-datatype-jsr310/2.10.0/jackson-datatype-jsr310-2.10.0.jar:/Users/ramssweety/.m2/repository/com/fasterxml/jackson/module/jackson-module-parameter-names/2.10.0/jackson-module-parameter-names-2.10.0.jar:/Users/ramssweety/.m2/repository/org/springframework/boot/spring-boot-starter-tomcat/2.2.1.RELEASE/spring-boot-starter-tomcat-2.2.1.RELEASE.jar:/Users/ramssweety/.m2/repository/org/apache/tomcat/embed/tomcat-embed-core/9.0.27/tomcat-embed-core-9.0.27.jar:/Users/ramssweety/.m2/repository/org/apache/tomcat/embed/tomcat-embed-el/9.0.27/tomcat-embed-el-9.0.27.jar:/Users/ramssweety/.m2/repository/org/apache/tomcat/embed/tomcat-embed-websocket/9.0.27/tomcat-embed-websocket-9.0.27.jar:/Users/ramssweety/.m2/repository/org/springframework/boot/spring-boot-starter-validation/2.2.1.RELEASE/spring-boot-starter-validation-2.2.1.RELEASE.jar:/Users/ramssweety/.m2/repository/jakarta/validation/jakarta.validation-api/2.0.1/jakarta.validation-api-2.0.1.jar:/Users/ramssweety/.m2/repository/org/hibernate/validator/hibernate-validator/6.0.18.Final/hibernate-validator-6.0.18.Final.jar:/Users/ramssweety/.m2/repository/jakarta/annotation/jakarta.annotation-api/1.3.5/jakarta.annotation-api-1.3.5.jar:/Users/ramssweety/.m2/repository/jakarta/ws/rs/jakarta.ws.rs-api/2.1.6/jakarta.ws.rs-api-2.1.6.jar:/Users/ramssweety/.m2/repository/org/springframework/spring-web/5.2.1.RELEASE/spring-web-5.2.1.RELEASE.jar:/Users/ramssweety/.m2/repository/org/springframework/spring-beans/5.2.1.RELEASE/spring-beans-5.2.1.RELEASE.jar:/Users/ramssweety/.m2/repository/org/glassfish/jersey/core/jersey-server/2.29.1/jersey-server-2.29.1.jar:/Users/ramssweety/.m2/repository/org/glassfish/jersey/core/jersey-common/2.29.1/jersey-common-2.29.1.jar:/Users/ramssweety/.m2/repository/org/glassfish/hk2/osgi-resource-locator/1.0.3/osgi-resource-locator-1.0.3.jar:/Users/ramssweety/.m2/repository/org/glassfish/jersey/core/jersey-client/2.29.1/jersey-client-2.29.1.jar:/Users/ramssweety/.m2/repository/org/glassfish/jersey/media/jersey-media-jaxb/2.29.1/jersey-media-jaxb-2.29.1.jar:/Users/ramssweety/.m2/repository/org/glassfish/hk2/external/jakarta.inject/2.6.1/jakarta.inject-2.6.1.jar:/Users/ramssweety/.m2/repository/org/glassfish/jersey/containers/jersey-container-servlet-core/2.29.1/jersey-container-servlet-core-2.29.1.jar:/Users/ramssweety/.m2/repository/org/glassfish/jersey/containers/jersey-container-servlet/2.29.1/jersey-container-servlet-2.29.1.jar:/Users/ramssweety/.m2/repository/org/glassfish/jersey/ext/jersey-bean-validation/2.29.1/jersey-bean-validation-2.29.1.jar:/Users/ramssweety/.m2/repository/org/glassfish/jersey/ext/jersey-spring5/2.29.1/jersey-spring5-2.29.1.jar:/Users/ramssweety/.m2/repository/org/glassfish/jersey/inject/jersey-hk2/2.29.1/jersey-hk2-2.29.1.jar:/Users/ramssweety/.m2/repository/org/glassfish/hk2/hk2-locator/2.6.1/hk2-locator-2.6.1.jar:/Users/ramssweety/.m2/repository/org/glassfish/hk2/external/aopalliance-repackaged/2.6.1/aopalliance-repackaged-2.6.1.jar:/Users/ramssweety/.m2/repository/org/glassfish/hk2/hk2/2.6.1/hk2-2.6.1.jar:/Users/ramssweety/.m2/repository/org/glassfish/hk2/hk2-utils/2.6.1/hk2-utils-2.6.1.jar:/Users/ramssweety/.m2/repository/org/glassfish/hk2/hk2-api/2.6.1/hk2-api-2.6.1.jar:/Users/ramssweety/.m2/repository/org/glassfish/hk2/hk2-core/2.6.1/hk2-core-2.6.1.jar:/Users/ramssweety/.m2/repository/org/glassfish/hk2/hk2-runlevel/2.6.1/hk2-runlevel-2.6.1.jar:/Users/ramssweety/.m2/repository/org/glassfish/hk2/class-model/2.6.1/class-model-2.6.1.jar:/Users/ramssweety/.m2/repository/org/ow2/asm/asm/7.1/asm-7.1.jar:/Users/ramssweety/.m2/repository/org/ow2/asm/asm-analysis/7.1/asm-analysis-7.1.jar:/Users/ramssweety/.m2/repository/org/ow2/asm/asm-commons/7.1/asm-commons-7.1.jar:/Users/ramssweety/.m2/repository/org/ow2/asm/asm-tree/7.1/asm-tree-7.1.jar:/Users/ramssweety/.m2/repository/org/ow2/asm/asm-util/7.1/asm-util-7.1.jar:/Users/ramssweety/.m2/repository/org/glassfish/hk2/spring-bridge/2.6.1/spring-bridge-2.6.1.jar:/Users/ramssweety/.m2/repository/org/springframework/spring-aop/5.2.1.RELEASE/spring-aop-5.2.1.RELEASE.jar:/Users/ramssweety/.m2/repository/org/glassfish/jersey/media/jersey-media-json-jackson/2.29.1/jersey-media-json-jackson-2.29.1.jar:/Users/ramssweety/.m2/repository/org/glassfish/jersey/ext/jersey-entity-filtering/2.29.1/jersey-entity-filtering-2.29.1.jar:/Users/ramssweety/.m2/repository/com/fasterxml/jackson/core/jackson-annotations/2.10.0/jackson-annotations-2.10.0.jar:/Users/ramssweety/.m2/repository/com/fasterxml/jackson/module/jackson-module-jaxb-annotations/2.10.0/jackson-module-jaxb-annotations-2.10.0.jar:/Users/ramssweety/.m2/repository/jakarta/xml/bind/jakarta.xml.bind-api/2.3.2/jakarta.xml.bind-api-2.3.2.jar:/Users/ramssweety/.m2/repository/org/springframework/boot/spring-boot-devtools/2.2.1.RELEASE/spring-boot-devtools-2.2.1.RELEASE.jar:/Users/ramssweety/.m2/repository/org/springframework/boot/spring-boot/2.2.1.RELEASE/spring-boot-2.2.1.RELEASE.jar:/Users/ramssweety/.m2/repository/org/springframework/spring-context/5.2.1.RELEASE/spring-context-5.2.1.RELEASE.jar:/Users/ramssweety/.m2/repository/org/springframework/spring-expression/5.2.1.RELEASE/spring-expression-5.2.1.RELEASE.jar:/Users/ramssweety/.m2/repository/org/springframework/boot/spring-boot-autoconfigure/2.2.1.RELEASE/spring-boot-autoconfigure-2.2.1.RELEASE.jar:/Users/ramssweety/.m2/repository/org/springframework/boot/spring-boot-starter-test/2.2.1.RELEASE/spring-boot-starter-test-2.2.1.RELEASE.jar:/Users/ramssweety/.m2/repository/org/springframework/boot/spring-boot-starter/2.2.1.RELEASE/spring-boot-starter-2.2.1.RELEASE.jar:/Users/ramssweety/.m2/repository/org/springframework/boot/spring-boot-starter-logging/2.2.1.RELEASE/spring-boot-starter-logging-2.2.1.RELEASE.jar:/Users/ramssweety/.m2/repository/ch/qos/logback/logback-classic/1.2.3/logback-classic-1.2.3.jar:/Users/ramssweety/.m2/repository/ch/qos/logback/logback-core/1.2.3/logback-core-1.2.3.jar:/Users/ramssweety/.m2/repository/org/apache/logging/log4j/log4j-to-slf4j/2.12.1/log4j-to-slf4j-2.12.1.jar:/Users/ramssweety/.m2/repository/org/apache/logging/log4j/log4j-api/2.12.1/log4j-api-2.12.1.jar:/Users/ramssweety/.m2/repository/org/slf4j/jul-to-slf4j/1.7.29/jul-to-slf4j-1.7.29.jar:/Users/ramssweety/.m2/repository/org/yaml/snakeyaml/1.25/snakeyaml-1.25.jar:/Users/ramssweety/.m2/repository/org/springframework/boot/spring-boot-test/2.2.1.RELEASE/spring-boot-test-2.2.1.RELEASE.jar:/Users/ramssweety/.m2/repository/org/springframework/boot/spring-boot-test-autoconfigure/2.2.1.RELEASE/spring-boot-test-autoconfigure-2.2.1.RELEASE.jar:/Users/ramssweety/.m2/repository/com/jayway/jsonpath/json-path/2.4.0/json-path-2.4.0.jar:/Users/ramssweety/.m2/repository/net/minidev/json-smart/2.3/json-smart-2.3.jar:/Users/ramssweety/.m2/repository/net/minidev/accessors-smart/1.2/accessors-smart-1.2.jar:/Users/ramssweety/.m2/repository/org/slf4j/slf4j-api/1.7.29/slf4j-api-1.7.29.jar:/Users/ramssweety/.m2/repository/org/junit/jupiter/junit-jupiter/5.5.2/junit-jupiter-5.5.2.jar:/Users/ramssweety/.m2/repository/org/junit/jupiter/junit-jupiter-params/5.5.2/junit-jupiter-params-5.5.2.jar:/Users/ramssweety/.m2/repository/org/mockito/mockito-junit-jupiter/3.1.0/mockito-junit-jupiter-3.1.0.jar:/Users/ramssweety/.m2/repository/org/assertj/assertj-core/3.13.2/assertj-core-3.13.2.jar:/Users/ramssweety/.m2/repository/org/hamcrest/hamcrest/2.1/hamcrest-2.1.jar:/Users/ramssweety/.m2/repository/org/mockito/mockito-core/3.1.0/mockito-core-3.1.0.jar:/Users/ramssweety/.m2/repository/net/bytebuddy/byte-buddy/1.10.2/byte-buddy-1.10.2.jar:/Users/ramssweety/.m2/repository/net/bytebuddy/byte-buddy-agent/1.10.2/byte-buddy-agent-1.10.2.jar:/Users/ramssweety/.m2/repository/org/objenesis/objenesis/2.6/objenesis-2.6.jar:/Users/ramssweety/.m2/repository/org/skyscreamer/jsonassert/1.5.0/jsonassert-1.5.0.jar:/Users/ramssweety/.m2/repository/com/vaadin/external/google/android-json/0.0.20131108.vaadin1/android-json-0.0.20131108.vaadin1.jar:/Users/ramssweety/.m2/repository/org/springframework/spring-core/5.2.1.RELEASE/spring-core-5.2.1.RELEASE.jar:/Users/ramssweety/.m2/repository/org/springframework/spring-jcl/5.2.1.RELEASE/spring-jcl-5.2.1.RELEASE.jar:/Users/ramssweety/.m2/repository/org/springframework/spring-test/5.2.1.RELEASE/spring-test-5.2.1.RELEASE.jar:/Users/ramssweety/.m2/repository/org/xmlunit/xmlunit-core/2.6.3/xmlunit-core-2.6.3.jar:/Users/ramssweety/.m2/repository/org/junit/jupiter/junit-jupiter-engine/5.3.2/junit-jupiter-engine-5.3.2.jar:/Users/ramssweety/.m2/repository/org/apiguardian/apiguardian-api/1.0.0/apiguardian-api-1.0.0.jar:/Users/ramssweety/.m2/repository/org/junit/platform/junit-platform-engine/1.5.2/junit-platform-engine-1.5.2.jar:/Users/ramssweety/.m2/repository/org/opentest4j/opentest4j/1.2.0/opentest4j-1.2.0.jar:/Users/ramssweety/.m2/repository/org/junit/platform/junit-platform-commons/1.5.2/junit-platform-commons-1.5.2.jar:/Users/ramssweety/.m2/repository/org/junit/jupiter/junit-jupiter-api/5.5.2/junit-jupiter-api-5.5.2.jar:/Users/ramssweety/.m2/repository/org/springframework/boot/spring-boot-starter-data-jpa/2.2.1.RELEASE/spring-boot-starter-data-jpa-2.2.1.RELEASE.jar:/Users/ramssweety/.m2/repository/org/springframework/boot/spring-boot-starter-aop/2.2.1.RELEASE/spring-boot-starter-aop-2.2.1.RELEASE.jar:/Users/ramssweety/.m2/repository/org/aspectj/aspectjweaver/1.9.4/aspectjweaver-1.9.4.jar:/Users/ramssweety/.m2/repository/jakarta/activation/jakarta.activation-api/1.2.1/jakarta.activation-api-1.2.1.jar:/Users/ramssweety/.m2/repository/jakarta/persistence/jakarta.persistence-api/2.2.3/jakarta.persistence-api-2.2.3.jar:/Users/ramssweety/.m2/repository/jakarta/transaction/jakarta.transaction-api/1.3.3/jakarta.transaction-api-1.3.3.jar:/Users/ramssweety/.m2/repository/org/hibernate/hibernate-core/5.4.8.Final/hibernate-core-5.4.8.Final.jar:/Users/ramssweety/.m2/repository/org/jboss/logging/jboss-logging/3.4.1.Final/jboss-logging-3.4.1.Final.jar:/Users/ramssweety/.m2/repository/org/javassist/javassist/3.24.0-GA/javassist-3.24.0-GA.jar:/Users/ramssweety/.m2/repository/antlr/antlr/2.7.7/antlr-2.7.7.jar:/Users/ramssweety/.m2/repository/org/jboss/jandex/2.0.5.Final/jandex-2.0.5.Final.jar:/Users/ramssweety/.m2/repository/com/fasterxml/classmate/1.5.1/classmate-1.5.1.jar:/Users/ramssweety/.m2/repository/org/dom4j/dom4j/2.1.1/dom4j-2.1.1.jar:/Users/ramssweety/.m2/repository/org/hibernate/common/hibernate-commons-annotations/5.1.0.Final/hibernate-commons-annotations-5.1.0.Final.jar:/Users/ramssweety/.m2/repository/org/glassfish/jaxb/jaxb-runtime/2.3.2/jaxb-runtime-2.3.2.jar:/Users/ramssweety/.m2/repository/org/glassfish/jaxb/txw2/2.3.2/txw2-2.3.2.jar:/Users/ramssweety/.m2/repository/com/sun/istack/istack-commons-runtime/3.0.8/istack-commons-runtime-3.0.8.jar:/Users/ramssweety/.m2/repository/org/jvnet/staxex/stax-ex/1.8.1/stax-ex-1.8.1.jar:/Users/ramssweety/.m2/repository/com/sun/xml/fastinfoset/FastInfoset/1.2.16/FastInfoset-1.2.16.jar:/Users/ramssweety/.m2/repository/org/springframework/data/spring-data-jpa/2.2.1.RELEASE/spring-data-jpa-2.2.1.RELEASE.jar:/Users/ramssweety/.m2/repository/org/springframework/data/spring-data-commons/2.2.1.RELEASE/spring-data-commons-2.2.1.RELEASE.jar:/Users/ramssweety/.m2/repository/org/springframework/spring-orm/5.2.1.RELEASE/spring-orm-5.2.1.RELEASE.jar:/Users/ramssweety/.m2/repository/org/springframework/spring-tx/5.2.1.RELEASE/spring-tx-5.2.1.RELEASE.jar:/Users/ramssweety/.m2/repository/org/springframework/spring-aspects/5.2.1.RELEASE/spring-aspects-5.2.1.RELEASE.jar:/Users/ramssweety/.m2/repository/com/h2database/h2/1.4.200/h2-1.4.200.jar:/Users/ramssweety/.m2/repository/org/springframework/boot/spring-boot-starter-jdbc/2.2.1.RELEASE/spring-boot-starter-jdbc-2.2.1.RELEASE.jar:/Users/ramssweety/.m2/repository/com/zaxxer/HikariCP/3.4.1/HikariCP-3.4.1.jar:/Users/ramssweety/.m2/repository/org/springframework/spring-jdbc/5.2.1.RELEASE/spring-jdbc-5.2.1.RELEASE.jar:"/>
    <property name="sun.cpu.endian" value="little"/>
    <property name="user.home" value="/Users/ramssweety"/>
    <property name="user.language" value="en"/>
    <property name="java.specification.vendor" value="Oracle Corporation"/>
    <property name="java.home" value="/Library/Java/JavaVirtualMachines/jdk1.8.0_201.jdk/Contents/Home/jre"/>
    <property name="basedir" value="/Users/ramssweety/Documents/java_ws/currencyconverterapplication"/>
    <property name="file.separator" value="/"/>
    <property name="line.separator" value="&#10;"/>
    <property name="java.vm.specification.vendor" value="Oracle Corporation"/>
    <property name="java.specification.name" value="Java Platform API Specification"/>
    <property name="java.awt.graphicsenv" value="sun.awt.CGraphicsEnvironment"/>
    <property name="surefire.real.class.path" value="/Users/ramssweety/Documents/java_ws/currencyconverterapplication/target/surefire/surefirebooter5624745904878172082.jar"/>
    <property name="sun.boot.class.path" value="/Library/Java/JavaVirtualMachines/jdk1.8.0_201.jdk/Contents/Home/jre/lib/resources.jar:/Library/Java/JavaVirtualMachines/jdk1.8.0_201.jdk/Contents/Home/jre/lib/rt.jar:/Library/Java/JavaVirtualMachines/jdk1.8.0_201.jdk/Contents/Home/jre/lib/sunrsasign.jar:/Library/Java/JavaVirtualMachines/jdk1.8.0_201.jdk/Contents/Home/jre/lib/jsse.jar:/Library/Java/JavaVirtualMachines/jdk1.8.0_201.jdk/Contents/Home/jre/lib/jce.jar:/Library/Java/JavaVirtualMachines/jdk1.8.0_201.jdk/Contents/Home/jre/lib/charsets.jar:/Library/Java/JavaVirtualMachines/jdk1.8.0_201.jdk/Contents/Home/jre/lib/jfr.jar:/Library/Java/JavaVirtualMachines/jdk1.8.0_201.jdk/Contents/Home/jre/classes"/>
    <property name="sun.management.compiler" value="HotSpot 64-Bit Tiered Compilers"/>
    <property name="ftp.nonProxyHosts" value="local|*.local|169.254/16|*.169.254/16"/>
    <property name="java.runtime.version" value="1.8.0_201-b09"/>
    <property name="user.name" value="ramssweety"/>
    <property name="path.separator" value=":"/>
    <property name="os.version" value="10.14.6"/>
    <property name="java.endorsed.dirs" value="/Library/Java/JavaVirtualMachines/jdk1.8.0_201.jdk/Contents/Home/jre/lib/endorsed"/>
    <property name="java.runtime.name" value="Java(TM) SE Runtime Environment"/>
    <property name="file.encoding" value="UTF-8"/>
    <property name="java.vm.name" value="Java HotSpot(TM) 64-Bit Server VM"/>
    <property name="localRepository" value="/Users/ramssweety/.m2/repository"/>
    <property name="java.vendor.url.bug" value="http://bugreport.sun.com/bugreport/"/>
    <property name="java.io.tmpdir" value="/var/folders/7j/v3pyp63d7nl419b7_6p8bdc40000gn/T/"/>
    <property name="java.version" value="1.8.0_201"/>
    <property name="user.dir" value="/Users/ramssweety/Documents/java_ws/currencyconverterapplication"/>
    <property name="os.arch" value="x86_64"/>
    <property name="java.vm.specification.name" value="Java Virtual Machine Specification"/>
    <property name="java.awt.printerjob" value="sun.lwawt.macosx.CPrinterJob"/>
    <property name="sun.os.patch.level" value="unknown"/>
    <property name="java.library.path" value="/Users/ramssweety/Library/Java/Extensions:/Library/Java/Extensions:/Network/Library/Java/Extensions:/System/Library/Java/Extensions:/usr/lib/java:."/>
    <property name="java.vm.info" value="mixed mode"/>
    <property name="java.vendor" value="Oracle Corporation"/>
    <property name="java.vm.version" value="25.201-b09"/>
    <property name="java.ext.dirs" value="/Users/ramssweety/Library/Java/Extensions:/Library/Java/JavaVirtualMachines/jdk1.8.0_201.jdk/Contents/Home/jre/lib/ext:/Library/Java/Extensions:/Network/Library/Java/Extensions:/System/Library/Java/Extensions:/usr/lib/java"/>
    <property name="sun.io.unicode.encoding" value="UnicodeBig"/>
    <property name="java.class.version" value="52.0"/>
    <property name="socksNonProxyHosts" value="local|*.local|169.254/16|*.169.254/16"/>
  </properties>
  <testcase name="getCurrentExchangeAmountTest" classname="currencyconverterapplication.CurrencyExchangeServiceTest" time="0.171">
    <error message="I/O error on GET request for &quot;http://localhost:8080/currency/convertion/from/usd/to/sgd/10&quot;: Connection refused (Connection refused); nested exception is java.net.ConnectException: Connection refused (Connection refused)" type="org.springframework.web.client.ResourceAccessException">org.springframework.web.client.ResourceAccessException: I/O error on GET request for "http://localhost:8080/currency/convertion/from/usd/to/sgd/10": Connection refused (Connection refused); nested exception is java.net.ConnectException: Connection refused (Connection refused)
	at currencyconverterapplication.CurrencyExchangeServiceTest.getCurrentExchangeAmountTest(CurrencyExchangeServiceTest.java:33)
Caused by: java.net.ConnectException: Connection refused (Connection refused)
	at currencyconverterapplication.CurrencyExchangeServiceTest.getCurrentExchangeAmountTest(CurrencyExchangeServiceTest.java:33)
</error>
    <system-out><![CDATA[03:10:35.565 [main] DEBUG org.springframework.test.context.BootstrapUtils - Instantiating CacheAwareContextLoaderDelegate from class [org.springframework.test.context.cache.DefaultCacheAwareContextLoaderDelegate]
03:10:35.579 [main] DEBUG org.springframework.test.context.BootstrapUtils - Instantiating BootstrapContext using constructor [public org.springframework.test.context.support.DefaultBootstrapContext(java.lang.Class,org.springframework.test.context.CacheAwareContextLoaderDelegate)]
03:10:35.604 [main] DEBUG org.springframework.test.context.BootstrapUtils - Instantiating TestContextBootstrapper for test class [currencyconverterapplication.CurrencyExchangeServiceTest] from class [org.springframework.boot.test.context.SpringBootTestContextBootstrapper]
03:10:35.622 [main] INFO org.springframework.boot.test.context.SpringBootTestContextBootstrapper - Neither @ContextConfiguration nor @ContextHierarchy found for test class [currencyconverterapplication.CurrencyExchangeServiceTest], using SpringBootContextLoader
03:10:35.629 [main] DEBUG org.springframework.test.context.support.AbstractContextLoader - Did not detect default resource location for test class [currencyconverterapplication.CurrencyExchangeServiceTest]: class path resource [currencyconverterapplication/CurrencyExchangeServiceTest-context.xml] does not exist
03:10:35.630 [main] DEBUG org.springframework.test.context.support.AbstractContextLoader - Did not detect default resource location for test class [currencyconverterapplication.CurrencyExchangeServiceTest]: class path resource [currencyconverterapplication/CurrencyExchangeServiceTestContext.groovy] does not exist
03:10:35.630 [main] INFO org.springframework.test.context.support.AbstractContextLoader - Could not detect default resource locations for test class [currencyconverterapplication.CurrencyExchangeServiceTest]: no resource found for suffixes {-context.xml, Context.groovy}.
03:10:35.681 [main] DEBUG org.springframework.test.context.support.ActiveProfilesUtils - Could not find an 'annotation declaring class' for annotation type [org.springframework.test.context.ActiveProfiles] and class [currencyconverterapplication.CurrencyExchangeServiceTest]
03:10:35.834 [main] DEBUG org.springframework.boot.test.context.SpringBootTestContextBootstrapper - @TestExecutionListeners is not present for class [currencyconverterapplication.CurrencyExchangeServiceTest]: using defaults.
03:10:35.835 [main] INFO org.springframework.boot.test.context.SpringBootTestContextBootstrapper - Loaded default TestExecutionListener class names from location [META-INF/spring.factories]: [org.springframework.boot.test.mock.mockito.MockitoTestExecutionListener, org.springframework.boot.test.mock.mockito.ResetMocksTestExecutionListener, org.springframework.boot.test.autoconfigure.restdocs.RestDocsTestExecutionListener, org.springframework.boot.test.autoconfigure.web.client.MockRestServiceServerResetTestExecutionListener, org.springframework.boot.test.autoconfigure.web.servlet.MockMvcPrintOnlyOnFailureTestExecutionListener, org.springframework.boot.test.autoconfigure.web.servlet.WebDriverTestExecutionListener, org.springframework.test.context.web.ServletTestExecutionListener, org.springframework.test.context.support.DirtiesContextBeforeModesTestExecutionListener, org.springframework.test.context.support.DependencyInjectionTestExecutionListener, org.springframework.test.context.support.DirtiesContextTestExecutionListener, org.springframework.test.context.transaction.TransactionalTestExecutionListener, org.springframework.test.context.jdbc.SqlScriptsTestExecutionListener, org.springframework.test.context.event.EventPublishingTestExecutionListener]
03:10:35.853 [main] INFO org.springframework.boot.test.context.SpringBootTestContextBootstrapper - Using TestExecutionListeners: [org.springframework.test.context.web.ServletTestExecutionListener@1e6454ec, org.springframework.test.context.support.DirtiesContextBeforeModesTestExecutionListener@2accdbb5, org.springframework.boot.test.mock.mockito.MockitoTestExecutionListener@b62d79, org.springframework.boot.test.autoconfigure.SpringBootDependencyInjectionTestExecutionListener@6631f5ca, org.springframework.test.context.support.DirtiesContextTestExecutionListener@5ace1ed4, org.springframework.test.context.transaction.TransactionalTestExecutionListener@1613674b, org.springframework.test.context.jdbc.SqlScriptsTestExecutionListener@27ff5d15, org.springframework.test.context.event.EventPublishingTestExecutionListener@4e096385, org.springframework.boot.test.mock.mockito.ResetMocksTestExecutionListener@649bec2e, org.springframework.boot.test.autoconfigure.restdocs.RestDocsTestExecutionListener@693fe6c9, org.springframework.boot.test.autoconfigure.web.client.MockRestServiceServerResetTestExecutionListener@34f5090e, org.springframework.boot.test.autoconfigure.web.servlet.MockMvcPrintOnlyOnFailureTestExecutionListener@31e5415e, org.springframework.boot.test.autoconfigure.web.servlet.WebDriverTestExecutionListener@a2431d0]
03:10:35.855 [main] DEBUG org.springframework.test.context.support.AbstractDirtiesContextTestExecutionListener - Before test class: context [DefaultTestContext@223aa2f7 testClass = CurrencyExchangeServiceTest, testInstance = [null], testMethod = [null], testException = [null], mergedContextConfiguration = [WebMergedContextConfiguration@6d3a388c testClass = CurrencyExchangeServiceTest, locations = '{}', classes = '{class com.genting.ram.starter.CurrencyConversionBootStarter, class com.genting.ram.starter.CurrencyConversionBootStarter}', contextInitializerClasses = '[]', activeProfiles = '{}', propertySourceLocations = '{}', propertySourceProperties = '{org.springframework.boot.test.context.SpringBootTestContextBootstrapper=true}', contextCustomizers = set[org.springframework.boot.test.context.filter.ExcludeFilterContextCustomizer@1a04f701, org.springframework.boot.test.json.DuplicateJsonObjectContextCustomizerFactory$DuplicateJsonObjectContextCustomizer@2bbf180e, org.springframework.boot.test.mock.mockito.MockitoContextCustomizer@0, org.springframework.boot.test.web.client.TestRestTemplateContextCustomizer@49c386c8, org.springframework.boot.test.autoconfigure.properties.PropertyMappingContextCustomizer@0, org.springframework.boot.test.autoconfigure.web.servlet.WebDriverContextCustomizerFactory$Customizer@1184ab05], resourceBasePath = 'src/main/webapp', contextLoader = 'org.springframework.boot.test.context.SpringBootContextLoader', parent = [null]], attributes = map['org.springframework.test.context.web.ServletTestExecutionListener.activateListener' -> true]], class annotated with @DirtiesContext [false] with mode [null].
03:10:35.875 [main] DEBUG org.springframework.test.context.support.TestPropertySourceUtils - Adding inlined properties to environment: {spring.jmx.enabled=false, org.springframework.boot.test.context.SpringBootTestContextBootstrapper=true, server.port=-1}

  .   ____          _            __ _ _
 /\\ / ___'_ __ _ _(_)_ __  __ _ \ \ \ \
( ( )\___ | '_ | '_| | '_ \/ _` | \ \ \ \
 \\/  ___)| |_)| | | | | || (_| |  ) ) ) )
  '  |____| .__|_| |_|_| |_\__, | / / / /
 =========|_|==============|___/=/_/_/_/
 :: Spring Boot ::        (v2.2.1.RELEASE)

2020-01-16 03:10:36.218  INFO 930 --- [           main] c.CurrencyExchangeServiceTest            : Starting CurrencyExchangeServiceTest on Ramss-MBP with PID 930 (started by ramssweety in /Users/ramssweety/Documents/java_ws/currencyconverterapplication)
2020-01-16 03:10:36.219  INFO 930 --- [           main] c.CurrencyExchangeServiceTest            : No active profile set, falling back to default profiles: default
2020-01-16 03:10:36.721  INFO 930 --- [           main] .s.d.r.c.RepositoryConfigurationDelegate : Bootstrapping Spring Data repositories in DEFAULT mode.
2020-01-16 03:10:36.771  INFO 930 --- [           main] .s.d.r.c.RepositoryConfigurationDelegate : Finished Spring Data repository scanning in 43ms. Found 1 repository interfaces.
2020-01-16 03:10:37.363  INFO 930 --- [           main] com.zaxxer.hikari.HikariDataSource       : HikariPool-1 - Starting...
2020-01-16 03:10:37.642  INFO 930 --- [           main] com.zaxxer.hikari.HikariDataSource       : HikariPool-1 - Start completed.
2020-01-16 03:10:37.712  INFO 930 --- [           main] o.hibernate.jpa.internal.util.LogHelper  : HHH000204: Processing PersistenceUnitInfo [name: default]
2020-01-16 03:10:37.811  INFO 930 --- [           main] org.hibernate.Version                    : HHH000412: Hibernate Core {5.4.8.Final}
2020-01-16 03:10:37.936  INFO 930 --- [           main] o.hibernate.annotations.common.Version   : HCANN000001: Hibernate Commons Annotations {5.1.0.Final}
2020-01-16 03:10:38.074  INFO 930 --- [           main] org.hibernate.dialect.Dialect            : HHH000400: Using dialect: org.hibernate.dialect.H2Dialect
2020-01-16 03:10:38.867  INFO 930 --- [           main] o.h.e.t.j.p.i.JtaPlatformInitiator       : HHH000490: Using JtaPlatform implementation: [org.hibernate.engine.transaction.jta.platform.internal.NoJtaPlatform]
2020-01-16 03:10:38.875  INFO 930 --- [           main] j.LocalContainerEntityManagerFactoryBean : Initialized JPA EntityManagerFactory for persistence unit 'default'
2020-01-16 03:10:39.438  INFO 930 --- [           main] o.s.b.a.h2.H2ConsoleAutoConfiguration    : H2 console available at '/h2-console'. Database available at 'jdbc:h2:mem:testdb'
2020-01-16 03:10:39.586  INFO 930 --- [           main] c.CurrencyExchangeServiceTest            : Started CurrencyExchangeServiceTest in 3.701 seconds (JVM running for 4.511)
]]></system-out>
  </testcase>
</testsuite>